Connecting to database specified by database.yml
Connecting to database specified by database.yml
  [1m[36m (0.1ms)[0m  [1mselect sqlite_version(*)[0m
  [1m[35m (693.6ms)[0m  CREATE TABLE "schema_migrations" ("version" varchar(255) NOT NULL) 
  [1m[36m (0.0ms)[0m  [1mPRAGMA index_list("schema_migrations")[0m
  [1m[35m (326.3ms)[0m  CREATE UNIQUE INDEX "unique_schema_migrations" ON "schema_migrations" ("version")
  [1m[36m (0.2ms)[0m  [1mSELECT "schema_migrations"."version" FROM "schema_migrations" [0m
Migrating to CreateTransactions (20130111222301)
  [1m[35m (0.1ms)[0m  begin transaction
  [1m[36m (0.9ms)[0m  [1mCREATE TABLE "transactions" ("id" INTEGER PRIMARY KEY AUTOINCREMENT NOT NULL, "receiver_id" integer, "sender_id" integer, "amount" integer, "status" integer, "created_at" datetime NOT NULL, "updated_at" datetime NOT NULL) [0m
  [1m[35m (0.2ms)[0m  INSERT INTO "schema_migrations" ("version") VALUES ('20130111222301')
  [1m[36m (381.5ms)[0m  [1mcommit transaction[0m
Migrating to DeviseCreateUsers (20130111230727)
  [1m[35m (0.1ms)[0m  begin transaction
  [1m[36m (0.4ms)[0m  [1mCREATE TABLE "users" ("id" INTEGER PRIMARY KEY AUTOINCREMENT NOT NULL, "email" varchar(255) DEFAULT '' NOT NULL, "encrypted_password" varchar(255) DEFAULT '' NOT NULL, "reset_password_token" varchar(255), "reset_password_sent_at" datetime, "remember_created_at" datetime, "sign_in_count" integer DEFAULT 0, "current_sign_in_at" datetime, "last_sign_in_at" datetime, "current_sign_in_ip" varchar(255), "last_sign_in_ip" varchar(255), "created_at" datetime NOT NULL, "updated_at" datetime NOT NULL) [0m
  [1m[35m (0.0ms)[0m  PRAGMA index_list("users")
  [1m[36m (0.2ms)[0m  [1mCREATE UNIQUE INDEX "index_users_on_email" ON "users" ("email")[0m
  [1m[35m (0.0ms)[0m  PRAGMA index_list("users")
  [1m[36m (0.0ms)[0m  [1mPRAGMA index_info('index_users_on_email')[0m
  [1m[35m (0.1ms)[0m  CREATE UNIQUE INDEX "index_users_on_reset_password_token" ON "users" ("reset_password_token")
  [1m[36m (0.1ms)[0m  [1mINSERT INTO "schema_migrations" ("version") VALUES ('20130111230727')[0m
  [1m[35m (384.7ms)[0m  commit transaction
Migrating to AddAuthenticationTokenToUser (20130111234557)
  [1m[36m (0.1ms)[0m  [1mbegin transaction[0m
  [1m[35m (0.8ms)[0m  ALTER TABLE "users" ADD "authentication_token" varchar(255)
  [1m[36m (0.1ms)[0m  [1mPRAGMA index_list("users")[0m
  [1m[35m (0.1ms)[0m  PRAGMA index_info('index_users_on_reset_password_token')
  [1m[36m (0.1ms)[0m  [1mPRAGMA index_info('index_users_on_email')[0m
  [1m[35m (0.5ms)[0m  CREATE UNIQUE INDEX "index_users_on_authentication_token" ON "users" ("authentication_token")
  [1m[36m (0.2ms)[0m  [1mINSERT INTO "schema_migrations" ("version") VALUES ('20130111234557')[0m
  [1m[35m (381.7ms)[0m  commit transaction
Migrating to AddNameToUser (20130112035116)
  [1m[36m (0.1ms)[0m  [1mbegin transaction[0m
  [1m[35m (0.9ms)[0m  ALTER TABLE "users" ADD "name" varchar(255)
  [1m[36m (0.3ms)[0m  [1mINSERT INTO "schema_migrations" ("version") VALUES ('20130112035116')[0m
  [1m[35m (363.5ms)[0m  commit transaction
Migrating to AddBalanceToUser (20130112035248)
  [1m[36m (0.1ms)[0m  [1mbegin transaction[0m
  [1m[35m (0.3ms)[0m  ALTER TABLE "users" ADD "balance" integer
  [1m[36m (0.1ms)[0m  [1mINSERT INTO "schema_migrations" ("version") VALUES ('20130112035248')[0m
  [1m[35m (376.6ms)[0m  commit transaction
Migrating to AddDefaultValueForBalance (20130112060329)
  [1m[36m (0.2ms)[0m  [1mbegin transaction[0m
  [1m[35m (0.3ms)[0m  CREATE TEMPORARY TABLE "altered_users" ("id" INTEGER PRIMARY KEY AUTOINCREMENT NOT NULL, "email" varchar(255) DEFAULT '' NOT NULL, "encrypted_password" varchar(255) DEFAULT '' NOT NULL, "reset_password_token" varchar(255), "reset_password_sent_at" datetime, "remember_created_at" datetime, "sign_in_count" integer DEFAULT 0, "current_sign_in_at" datetime, "last_sign_in_at" datetime, "current_sign_in_ip" varchar(255), "last_sign_in_ip" varchar(255), "created_at" datetime NOT NULL, "updated_at" datetime NOT NULL, "authentication_token" varchar(255), "name" varchar(255), "balance" integer) 
  [1m[36m (0.0ms)[0m  [1mPRAGMA index_list("users")[0m
  [1m[35m (0.0ms)[0m  PRAGMA index_info('index_users_on_authentication_token')
  [1m[36m (0.0ms)[0m  [1mPRAGMA index_info('index_users_on_reset_password_token')[0m
  [1m[35m (0.0ms)[0m  PRAGMA index_info('index_users_on_email')
  [1m[36m (0.0ms)[0m  [1mPRAGMA index_list("altered_users")[0m
  [1m[35m (0.1ms)[0m  CREATE UNIQUE INDEX "temp_index_altered_users_on_authentication_token" ON "altered_users" ("authentication_token")
  [1m[36m (0.0ms)[0m  [1mPRAGMA index_list("altered_users")[0m
  [1m[35m (0.0ms)[0m  PRAGMA index_info('temp_index_altered_users_on_authentication_token')
  [1m[36m (0.1ms)[0m  [1mCREATE UNIQUE INDEX "temp_index_altered_users_on_reset_password_token" ON "altered_users" ("reset_password_token")[0m
  [1m[35m (0.0ms)[0m  PRAGMA index_list("altered_users")
  [1m[36m (0.0ms)[0m  [1mPRAGMA index_info('temp_index_altered_users_on_reset_password_token')[0m
  [1m[35m (0.0ms)[0m  PRAGMA index_info('temp_index_altered_users_on_authentication_token')
  [1m[36m (0.1ms)[0m  [1mCREATE UNIQUE INDEX "temp_index_altered_users_on_email" ON "altered_users" ("email")[0m
  [1m[35m (0.1ms)[0m  SELECT * FROM "users"
  [1m[36m (0.2ms)[0m  [1mDROP TABLE "users"[0m
  [1m[35m (0.2ms)[0m  CREATE TABLE "users" ("id" INTEGER PRIMARY KEY AUTOINCREMENT NOT NULL, "email" varchar(255) DEFAULT '' NOT NULL, "encrypted_password" varchar(255) DEFAULT '' NOT NULL, "reset_password_token" varchar(255), "reset_password_sent_at" datetime, "remember_created_at" datetime, "sign_in_count" integer DEFAULT 0, "current_sign_in_at" datetime, "last_sign_in_at" datetime, "current_sign_in_ip" varchar(255), "last_sign_in_ip" varchar(255), "created_at" datetime NOT NULL, "updated_at" datetime NOT NULL, "authentication_token" varchar(255), "name" varchar(255), "balance" integer DEFAULT 1000) 
  [1m[36m (0.0ms)[0m  [1mPRAGMA index_list("altered_users")[0m
  [1m[35m (0.0ms)[0m  PRAGMA index_info('temp_index_altered_users_on_email')
  [1m[36m (0.0ms)[0m  [1mPRAGMA index_info('temp_index_altered_users_on_reset_password_token')[0m
  [1m[35m (0.0ms)[0m  PRAGMA index_info('temp_index_altered_users_on_authentication_token')
  [1m[36m (0.0ms)[0m  [1mPRAGMA index_list("users")[0m
  [1m[35m (0.2ms)[0m  CREATE UNIQUE INDEX "index_users_on_email" ON "users" ("email")
  [1m[36m (0.0ms)[0m  [1mPRAGMA index_list("users")[0m
  [1m[35m (0.0ms)[0m  PRAGMA index_info('index_users_on_email')
  [1m[36m (0.1ms)[0m  [1mCREATE UNIQUE INDEX "index_users_on_reset_password_token" ON "users" ("reset_password_token")[0m
  [1m[35m (0.0ms)[0m  PRAGMA index_list("users")
  [1m[36m (0.0ms)[0m  [1mPRAGMA index_info('index_users_on_reset_password_token')[0m
  [1m[35m (0.0ms)[0m  PRAGMA index_info('index_users_on_email')
  [1m[36m (0.1ms)[0m  [1mCREATE UNIQUE INDEX "index_users_on_authentication_token" ON "users" ("authentication_token")[0m
  [1m[35m (0.1ms)[0m  SELECT * FROM "altered_users"
  [1m[36m (0.2ms)[0m  [1mDROP TABLE "altered_users"[0m
  [1m[35m (0.1ms)[0m  INSERT INTO "schema_migrations" ("version") VALUES ('20130112060329')
  [1m[36m (388.4ms)[0m  [1mcommit transaction[0m
  [1m[35m (0.2ms)[0m  select sqlite_version(*)
  [1m[36m (0.1ms)[0m  [1mSELECT "schema_migrations"."version" FROM "schema_migrations" [0m
  [1m[35m (0.0ms)[0m  PRAGMA index_list("transactions")
  [1m[36m (0.0ms)[0m  [1mPRAGMA index_list("users")[0m
  [1m[35m (0.0ms)[0m  PRAGMA index_info('index_users_on_authentication_token')
  [1m[36m (0.0ms)[0m  [1mPRAGMA index_info('index_users_on_reset_password_token')[0m
  [1m[35m (0.0ms)[0m  PRAGMA index_info('index_users_on_email')
Connecting to database specified by database.yml
Connecting to database specified by database.yml
Connecting to database specified by database.yml
Connecting to database specified by database.yml
  [1m[36m (0.1ms)[0m  [1mSELECT "schema_migrations"."version" FROM "schema_migrations" [0m
Migrating to CreateTransactions (20130111222301)
Migrating to DeviseCreateUsers (20130111230727)
Migrating to AddAuthenticationTokenToUser (20130111234557)
Migrating to AddNameToUser (20130112035116)
Migrating to AddBalanceToUser (20130112035248)
Migrating to AddDefaultValueForBalance (20130112060329)
Migrating to CreateGroups (20130112071721)
  [1m[35m (0.0ms)[0m  select sqlite_version(*)
  [1m[36m (0.0ms)[0m  [1mbegin transaction[0m
  [1m[35m (0.3ms)[0m  CREATE TABLE "groups" ("id" INTEGER PRIMARY KEY AUTOINCREMENT NOT NULL, "owner_id" integer, "created_at" datetime NOT NULL, "updated_at" datetime NOT NULL) 
  [1m[36m (0.1ms)[0m  [1mINSERT INTO "schema_migrations" ("version") VALUES ('20130112071721')[0m
  [1m[35m (418.8ms)[0m  commit transaction
Migrating to AddGroupIdToUser (20130112072221)
  [1m[36m (0.1ms)[0m  [1mbegin transaction[0m
  [1m[35m (1.0ms)[0m  ALTER TABLE "users" ADD "group_id" integer
  [1m[36m (0.2ms)[0m  [1mINSERT INTO "schema_migrations" ("version") VALUES ('20130112072221')[0m
  [1m[35m (371.4ms)[0m  commit transaction
  [1m[36m (0.2ms)[0m  [1mselect sqlite_version(*)[0m
  [1m[35m (0.1ms)[0m  SELECT "schema_migrations"."version" FROM "schema_migrations" 
  [1m[36m (0.0ms)[0m  [1mPRAGMA index_list("groups")[0m
  [1m[35m (0.0ms)[0m  PRAGMA index_list("transactions")
  [1m[36m (0.0ms)[0m  [1mPRAGMA index_list("users")[0m
  [1m[35m (0.0ms)[0m  PRAGMA index_info('index_users_on_authentication_token')
  [1m[36m (0.0ms)[0m  [1mPRAGMA index_info('index_users_on_reset_password_token')[0m
  [1m[35m (0.0ms)[0m  PRAGMA index_info('index_users_on_email')
Connecting to database specified by database.yml
